<?xml version="1.0" encoding="UTF-8"?>
<!-- Generated by org.testng.reporters.JUnitXMLReporter -->
<testsuite ignored="0" hostname="DESKTOP-LPCAOOD" failures="0" tests="12" name="Default test" time="79.397" errors="0" timestamp="2024-07-18T20:26:51 EDT">
  <testcase classname="selenium.orangeHRM" name="contactTest" time="4.719"/>
  <testcase classname="selenium.orangeHRM" name="emergenceTest" time="1.335"/>
  <testcase classname="selenium.orangeHRM" name="dependentsTest" time="1.005"/>
  <testcase classname="selenium.orangeHRM" name="candidateTest" time="6.384"/>
  <testcase classname="selenium.orangeHRM" name="shortlistCandTest" time="11.367"/>
  <testcase classname="selenium.orangeHRM" name="interviewTest" time="10.862"/>
  <testcase classname="selenium.orangeHRM" name="candHistoryTest" time="5.788"/>
  <testcase classname="selenium.orangeHRM" name="recruitTest" time="3.242"/>
  <testcase classname="selenium.orangeHRM" name="essRoleTest" time="7.538"/>
  <testcase classname="selenium.orangeHRM" name="entitlementTest" time="4.004"/>
  <testcase classname="selenium.orangeHRM" name="leaveTest" time="9.0"/>
  <testcase classname="selenium.orangeHRM" name="adminApproveLeaveTest" time="9.095"/>
</testsuite> <!-- Default test -->
