<?xml version="1.0" encoding="UTF-8"?>
<testng-results ignored="0" total="2" passed="2" failed="0" skipped="0">
  <reporter-output>
  </reporter-output>
  <suite started-at="2024-07-12T13:25:19 EDT" name="Default suite" finished-at="2024-07-12T13:25:23 EDT" duration-ms="3744">
    <groups>
    </groups>
    <test started-at="2024-07-12T13:25:19 EDT" name="Default test" finished-at="2024-07-12T13:25:23 EDT" duration-ms="3744">
      <class name="selenium.sauceDemo">
        <test-method is-config="true" signature="browserSetup()[pri:0, instance:selenium.sauceDemo@433defed]" started-at="2024-07-12T13:25:20 EDT" name="browserSetup" finished-at="2024-07-12T13:25:22 EDT" duration-ms="2628" status="PASS">
          <reporter-output>
          </reporter-output>
        </test-method> <!-- browserSetup -->
        <test-method signature="sauceDemoLoginTest()[pri:0, instance:selenium.sauceDemo@433defed]" started-at="2024-07-12T13:25:22 EDT" name="sauceDemoLoginTest" finished-at="2024-07-12T13:25:22 EDT" duration-ms="304" status="PASS">
          <reporter-output>
          </reporter-output>
        </test-method> <!-- sauceDemoLoginTest -->
        <test-method signature="sauceDemoaddToCartTest()[pri:0, instance:selenium.sauceDemo@433defed]" started-at="2024-07-12T13:25:23 EDT" name="sauceDemoaddToCartTest" finished-at="2024-07-12T13:25:23 EDT" duration-ms="606" status="PASS">
          <reporter-output>
          </reporter-output>
        </test-method> <!-- sauceDemoaddToCartTest -->
        <test-method is-config="true" signature="tearDown()[pri:0, instance:selenium.sauceDemo@433defed]" started-at="2024-07-12T13:25:23 EDT" name="tearDown" finished-at="2024-07-12T13:25:23 EDT" duration-ms="117" status="PASS">
          <reporter-output>
          </reporter-output>
        </test-method> <!-- tearDown -->
      </class> <!-- selenium.sauceDemo -->
    </test> <!-- Default test -->
  </suite> <!-- Default suite -->
</testng-results>
