<?xml version="1.0" encoding="UTF-8"?>
<testng-results ignored="0" total="1" passed="1" failed="0" skipped="0">
  <reporter-output>
  </reporter-output>
  <suite started-at="2024-07-30T12:09:06 EDT" name="Default suite" finished-at="2024-07-30T12:10:19 EDT" duration-ms="72635">
    <groups>
    </groups>
    <test started-at="2024-07-30T12:09:06 EDT" name="Default test" finished-at="2024-07-30T12:10:19 EDT" duration-ms="72635">
      <class name="selenium.dsalgoTest">
        <test-method is-config="true" signature="setUp()[pri:0, instance:selenium.dsalgoTest@342c38f8]" started-at="2024-07-30T12:09:06 EDT" name="setUp" finished-at="2024-07-30T12:09:20 EDT" duration-ms="13104" status="PASS">
          <reporter-output>
          </reporter-output>
        </test-method> <!-- setUp -->
        <test-method signature="testDSALGO()[pri:0, instance:selenium.dsalgoTest@342c38f8]" started-at="2024-07-30T12:09:20 EDT" name="testDSALGO" finished-at="2024-07-30T12:10:19 EDT" duration-ms="59094" status="PASS">
          <reporter-output>
          </reporter-output>
        </test-method> <!-- testDSALGO -->
        <test-method is-config="true" signature="tearDown()[pri:0, instance:selenium.dsalgoTest@342c38f8]" started-at="2024-07-30T12:10:19 EDT" name="tearDown" finished-at="2024-07-30T12:10:19 EDT" duration-ms="305" status="PASS">
          <reporter-output>
          </reporter-output>
        </test-method> <!-- tearDown -->
      </class> <!-- selenium.dsalgoTest -->
    </test> <!-- Default test -->
  </suite> <!-- Default suite -->
</testng-results>
