<?xml version="1.0" encoding="UTF-8"?>
<!-- Generated by org.testng.reporters.JUnitReportReporter -->
<testsuite hostname="DESKTOP-LPCAOOD" failures="0" tests="2" name="selenium.sauceDemo" time="0.818" errors="0" timestamp="2024-06-28T13:48:47 EDT" skipped="0">
  <testcase classname="selenium.sauceDemo" name="sauceDemoaddToCartTest" time="0.569"/>
  <system-out/>
  <testcase classname="selenium.sauceDemo" name="sauceDemoLoginTest" time="0.249"/>
  <system-out/>
</testsuite> <!-- selenium.sauceDemo -->
