<?xml version="1.0" encoding="UTF-8"?>
<!-- Generated by org.testng.reporters.JUnitReportReporter -->
<testsuite hostname="DESKTOP-LPCAOOD" failures="0" tests="12" name="selenium.orangeHRM" time="74.339" errors="0" timestamp="2024-07-18T20:26:51 EDT" skipped="0">
  <testcase classname="selenium.orangeHRM" name="contactTest" time="4.719"/>
  <system-out/>
  <testcase classname="selenium.orangeHRM" name="emergenceTest" time="1.335"/>
  <system-out/>
  <testcase classname="selenium.orangeHRM" name="dependentsTest" time="1.005"/>
  <system-out/>
  <testcase classname="selenium.orangeHRM" name="candidateTest" time="6.384"/>
  <system-out/>
  <testcase classname="selenium.orangeHRM" name="shortlistCandTest" time="11.367"/>
  <system-out/>
  <testcase classname="selenium.orangeHRM" name="interviewTest" time="10.862"/>
  <system-out/>
  <testcase classname="selenium.orangeHRM" name="candHistoryTest" time="5.788"/>
  <system-out/>
  <testcase classname="selenium.orangeHRM" name="recruitTest" time="3.242"/>
  <system-out/>
  <testcase classname="selenium.orangeHRM" name="essRoleTest" time="7.538"/>
  <system-out/>
  <testcase classname="selenium.orangeHRM" name="entitlementTest" time="4.004"/>
  <system-out/>
  <testcase classname="selenium.orangeHRM" name="leaveTest" time="9.000"/>
  <system-out/>
  <testcase classname="selenium.orangeHRM" name="adminApproveLeaveTest" time="9.095"/>
  <system-out/>
</testsuite> <!-- selenium.orangeHRM -->
