<?xml version="1.0" encoding="UTF-8"?>
<!-- Generated by org.testng.reporters.JUnitReportReporter -->
<testsuite hostname="DESKTOP-LPCAOOD" failures="0" tests="2" name="selenium.sauceDemo" time="0.380" errors="0" timestamp="2024-06-25T22:25:38 EDT" skipped="0">
  <testcase classname="selenium.sauceDemo" name="sauceDemoaddToCartTest" time="0.042"/>
  <system-out/>
  <testcase classname="selenium.sauceDemo" name="sauceDemoLoginTest" time="0.338"/>
  <system-out/>
</testsuite> <!-- selenium.sauceDemo -->
